26-05-2021 09:35:59 INFO  Início da navegação 
26-05-2021 09:38:00 ERROR Início da navegação 
26-05-2021 09:38:01 INFO  Login com cookie 
26-05-2021 09:40:19 INFO  

Início da navegação 
26-05-2021 09:40:20 INFO  Login com cookie 
26-05-2021 09:40:34 INFO  Clicou em Grupos 
26-05-2021 09:40:46 INFO  Clicou no grupo brechó 
26-05-2021 09:40:54 INFO  Clicou em discussão 
26-05-2021 09:41:02 INFO  Clicou na 1a. caixa de texto 
26-05-2021 09:41:07 INFO  Clicou no upload de imagem 
26-05-2021 09:41:07 INFO  Clicou na 2a. caixa de texto 
26-05-2021 09:45:04 INFO   
26-05-2021 09:45:04 INFO  Início da navegação 
26-05-2021 09:45:06 INFO  Login com cookie 
26-05-2021 09:45:19 INFO  Clicou em Grupos 
26-05-2021 09:45:32 INFO  Clicou no grupo brechó 
26-05-2021 09:45:41 INFO  Clicou em discussão 
26-05-2021 09:45:50 INFO  Clicou na 1a. caixa de texto 
26-05-2021 09:45:54 INFO  Clicou no upload de imagem 
26-05-2021 09:45:55 INFO  Clicou na 2a. caixa de texto 
26-05-2021 09:49:40 INFO   
26-05-2021 09:49:40 INFO  Início da navegação 
26-05-2021 09:49:41 INFO  Login com cookie 
26-05-2021 09:49:55 INFO  Clicou em Grupos 
26-05-2021 09:50:12 INFO  Clicou no grupo brechó 
26-05-2021 09:50:23 INFO  Clicou em discussão 
26-05-2021 09:50:34 INFO  Clicou na 1a. caixa de texto 
26-05-2021 09:50:40 INFO  Clicou na 2a. caixa de texto 
26-05-2021 09:53:26 INFO   
26-05-2021 09:53:26 INFO  Início da navegação 
26-05-2021 09:53:27 INFO  Login com cookie 
26-05-2021 09:53:37 INFO  Clicou em Grupos 
26-05-2021 09:53:44 INFO  Clicou no grupo brechó 
26-05-2021 09:53:49 INFO  Clicou em discussão 
26-05-2021 09:55:44 INFO   
26-05-2021 09:55:44 INFO  Início da navegação 
26-05-2021 09:55:44 INFO  Login com cookie 
26-05-2021 09:55:56 INFO  Clicou em Grupos 
26-05-2021 09:56:05 INFO  Clicou no grupo brechó 
26-05-2021 09:56:10 INFO  Clicou em discussão 
26-05-2021 09:56:16 INFO  Clicou na 1a. caixa de texto 
26-05-2021 09:56:19 INFO  Clicou na 2a. caixa de texto 
26-05-2021 09:56:19 INFO  Leu arquivo de imagem 
26-05-2021 09:57:29 INFO  Digitou o texto 
26-05-2021 09:57:32 INFO  Publicou 
